\BOOKMARK [1][-]{section.1}{Abstract}{}% 1
\BOOKMARK [1][-]{section.2}{Einleitung}{}% 2
\BOOKMARK [2][-]{subsection.2.1}{Einf\374hrung in die B\366rsenkursvorhersage}{section.2}% 3
\BOOKMARK [2][-]{subsection.2.2}{Motivation}{section.2}% 4
\BOOKMARK [1][-]{section.3}{Grundlagen}{}% 5
\BOOKMARK [1][-]{section.4}{Algorithmen}{}% 6
\BOOKMARK [2][-]{subsection.4.1}{Latest Trend Algorithmus}{section.4}% 7
\BOOKMARK [3][-]{subsubsection.4.1.1}{Umsetzung}{subsection.4.1}% 8
\BOOKMARK [3][-]{subsubsection.4.1.2}{Ergebnisse}{subsection.4.1}% 9
\BOOKMARK [2][-]{subsection.4.2}{Moving Average Algorithmus}{section.4}% 10
\BOOKMARK [3][-]{subsubsection.4.2.1}{Umsetzung}{subsection.4.2}% 11
\BOOKMARK [3][-]{subsubsection.4.2.2}{Ergebnisse}{subsection.4.2}% 12
\BOOKMARK [2][-]{subsection.4.3}{\334berwachtes Lernen}{section.4}% 13
\BOOKMARK [3][-]{subsubsection.4.3.1}{Umsetzung}{subsection.4.3}% 14
\BOOKMARK [3][-]{subsubsection.4.3.2}{Ergebnisse}{subsection.4.3}% 15
\BOOKMARK [2][-]{subsection.4.4}{Output Only Neural Network}{section.4}% 16
\BOOKMARK [3][-]{subsubsection.4.4.1}{Umsetzung}{subsection.4.4}% 17
\BOOKMARK [3][-]{subsubsection.4.4.2}{Ergebnisse}{subsection.4.4}% 18
\BOOKMARK [1][-]{section.5}{Fazit}{}% 19
\BOOKMARK [1][-]{section.6}{Ausblick}{}% 20
